<?xml version="1.0" encoding="UTF-8"?>
<!-- Generated by org.testng.reporters.JUnitXMLReporter -->
<testsuite ignored="0" hostname="LAPTOP-P2U8KLAQ" failures="0" tests="4" name="Test" time="45.907" errors="0" timestamp="2021-02-03T14:24:22 CST">
  <testcase classname="HomeDepot.Suites.Test_Cart" name="search2" time="6.293"/>
  <testcase classname="HomeDepot.Suites.Test_Cart" name="search" time="7.367"/>
  <testcase classname="HomeDepot.Suites.Test_Cart" name="search4" time="4.227"/>
  <testcase classname="HomeDepot.Suites.Test_Cart" name="search3" time="5.699"/>
</testsuite> <!-- Test -->
